<html>
<head>
<title>TestNG:  OrangeHRM Test</title>
<link href="../testng.css" rel="stylesheet" type="text/css" />
<link href="../my-testng.css" rel="stylesheet" type="text/css" />

<style type="text/css">
.log { display: none;} 
.stack-trace { display: none;} 
</style>
<script type="text/javascript">
<!--
function flip(e) {
  current = e.style.display;
  if (current == 'block') {
    e.style.display = 'none';
    return 0;
  }
  else {
    e.style.display = 'block';
    return 1;
  }
}

function toggleBox(szDivId, elem, msg1, msg2)
{
  var res = -1;  if (document.getElementById) {
    res = flip(document.getElementById(szDivId));
  }
  else if (document.all) {
    // this is the way old msie versions work
    res = flip(document.all[szDivId]);
  }
  if(elem) {
    if(res == 0) elem.innerHTML = msg1; else elem.innerHTML = msg2;
  }

}

function toggleAllBoxes() {
  if (document.getElementsByTagName) {
    d = document.getElementsByTagName('div');
    for (i = 0; i < d.length; i++) {
      if (d[i].className == 'log') {
        flip(d[i]);
      }
    }
  }
}

// -->
</script>

</head>
<body>
<h2 align='center'>OrangeHRM Test</h2><table border='1' align="center">
<tr>
<td>Tests passed/Failed/Skipped:</td><td>15/2/0</td>
</tr><tr>
<td>Started on:</td><td>Sat Oct 15 07:11:25 PDT 2022</td>
</tr>
<tr><td>Total time:</td><td>531 seconds (531951 ms)</td>
</tr><tr>
<td>Included groups:</td><td></td>
</tr><tr>
<td>Excluded groups:</td><td></td>
</tr>
</table><p/>
<small><i>(Hover the method name to see the test class name)</i></small><p/>
<table width='100%' border='1' class='invocation-failed'>
<tr><td colspan='4' align='center'><b>FAILED CONFIGURATIONS</b></td></tr>
<tr><td><b>Test method</b></td>
<td><b>Attribute(s)</b></td>
<td width="30%"><b>Exception</b></td>
<td width="10%"><b>Time (seconds)</b></td>
<td><b>Instance</b></td>
</tr>
<tr>
<td title='com.orange_hrm.testcases.TC_013_K_PostNewJobVacancey.teardown()'><b>teardown</b><br>Test class: com.orange_hrm.testcases.TC_013_K_PostNewJobVacancey</td>
<td><div><pre>org.openqa.selenium.UnhandledAlertException: unexpected alert open: {Alert text : Please correct the following

	- Please specify Hiring Manager
}
  (Session info: chrome=106.0.5249.119): Please correct the following

	- Please specify Hiring Manager

Build info: version: &apos;4.3.0&apos;, revision: &apos;a4995e2c09*&apos;
System info: host: &apos;VARMA-PC&apos;, ip: &apos;192.168.43.129&apos;, os.name: &apos;Windows 10&apos;, os.arch: &apos;amd64&apos;, os.version: &apos;10.0&apos;, java.version: &apos;17.0.4.1&apos;
Driver info: org.openqa.selenium.chrome.ChromeDriver
Command: [287aabe11862def839606d6039c9be47, close {}]
Capabilities {acceptInsecureCerts: false, browserName: chrome, browserVersion: 106.0.5249.119, chrome: {chromedriverVersion: 106.0.5249.61 (511755355844..., userDataDir: C:\Users\ADMINI~1\AppData\L...}, goog:chromeOptions: {debuggerAddress: localhost:51173}, networkConnectionEnabled: false, pageLoadStrategy: normal, platformName: WINDOWS, proxy: Proxy(), se:cdp: ws://localhost:51173/devtoo..., se:cdpVersion: 106.0.5249.119, setWindowRect: true, strictFileInteractability: false, timeouts: {implicit: 0, pageLoad: 300000, script: 30000}, unhandledPromptBehavior: dismiss and notify, webauthn:extension:credBlob: true, webauthn:extension:largeBlob: true, webauthn:virtualAuthenticators: true}
Session ID: 287aabe11862def839606d6039c9be47
	at org.openqa.selenium.remote.codec.w3c.W3CHttpResponseCodec.decode(W3CHttpResponseCodec.java:131)
	at org.openqa.selenium.remote.codec.w3c.W3CHttpResponseCodec.decode(W3CHttpResponseCodec.java:53)
	at org.openqa.selenium.remote.HttpCommandExecutor.execute(HttpCommandExecutor.java:184)
	at org.openqa.selenium.remote.service.DriverCommandExecutor.invokeExecute(DriverCommandExecutor.java:167)
	at org.openqa.selenium.remote.service.DriverCommandExecutor.execute(DriverCommandExecutor.java:142)
	at org.openqa.selenium.remote.RemoteWebDriver.execute(RemoteWebDriver.java:569)
	at org.openqa.selenium.remote.RemoteWebDriver.execute(RemoteWebDriver.java:624)
	at org.openqa.selenium.remote.RemoteWebDriver.execute(RemoteWebDriver.java:628)
	at org.openqa.selenium.remote.RemoteWebDriver.close(RemoteWebDriver.java:454)
	at com.orange_hrm.testcases.BaseClass.teardown(BaseClass.java:78)
	at java.base/java.util.concurrent.ThreadPoolExecutor.runWorker(ThreadPoolExecutor.java:1136)
	at java.base/java.util.concurrent.ThreadPoolExecutor$Worker.run(ThreadPoolExecutor.java:635)
	at java.base/java.lang.Thread.run(Thread.java:833)
... Removed 10 stack frames</pre></div><a href='#' onClick='toggleBox("stack-trace1661235866", this, "Click to show all stack frames", "Click to hide stack frames")'>Click to show all stack frames</a>
<div class='stack-trace' id='stack-trace1661235866'><pre>org.openqa.selenium.UnhandledAlertException: unexpected alert open: {Alert text : Please correct the following

	- Please specify Hiring Manager
}
  (Session info: chrome=106.0.5249.119): Please correct the following

	- Please specify Hiring Manager

Build info: version: &apos;4.3.0&apos;, revision: &apos;a4995e2c09*&apos;
System info: host: &apos;VARMA-PC&apos;, ip: &apos;192.168.43.129&apos;, os.name: &apos;Windows 10&apos;, os.arch: &apos;amd64&apos;, os.version: &apos;10.0&apos;, java.version: &apos;17.0.4.1&apos;
Driver info: org.openqa.selenium.chrome.ChromeDriver
Command: [287aabe11862def839606d6039c9be47, close {}]
Capabilities {acceptInsecureCerts: false, browserName: chrome, browserVersion: 106.0.5249.119, chrome: {chromedriverVersion: 106.0.5249.61 (511755355844..., userDataDir: C:\Users\ADMINI~1\AppData\L...}, goog:chromeOptions: {debuggerAddress: localhost:51173}, networkConnectionEnabled: false, pageLoadStrategy: normal, platformName: WINDOWS, proxy: Proxy(), se:cdp: ws://localhost:51173/devtoo..., se:cdpVersion: 106.0.5249.119, setWindowRect: true, strictFileInteractability: false, timeouts: {implicit: 0, pageLoad: 300000, script: 30000}, unhandledPromptBehavior: dismiss and notify, webauthn:extension:credBlob: true, webauthn:extension:largeBlob: true, webauthn:virtualAuthenticators: true}
Session ID: 287aabe11862def839606d6039c9be47
	at org.openqa.selenium.remote.codec.w3c.W3CHttpResponseCodec.decode(W3CHttpResponseCodec.java:131)
	at org.openqa.selenium.remote.codec.w3c.W3CHttpResponseCodec.decode(W3CHttpResponseCodec.java:53)
	at org.openqa.selenium.remote.HttpCommandExecutor.execute(HttpCommandExecutor.java:184)
	at org.openqa.selenium.remote.service.DriverCommandExecutor.invokeExecute(DriverCommandExecutor.java:167)
	at org.openqa.selenium.remote.service.DriverCommandExecutor.execute(DriverCommandExecutor.java:142)
	at org.openqa.selenium.remote.RemoteWebDriver.execute(RemoteWebDriver.java:569)
	at org.openqa.selenium.remote.RemoteWebDriver.execute(RemoteWebDriver.java:624)
	at org.openqa.selenium.remote.RemoteWebDriver.execute(RemoteWebDriver.java:628)
	at org.openqa.selenium.remote.RemoteWebDriver.close(RemoteWebDriver.java:454)
	at com.orange_hrm.testcases.BaseClass.teardown(BaseClass.java:78)
	at java.base/jdk.internal.reflect.NativeMethodAccessorImpl.invoke0(Native Method)
	at java.base/jdk.internal.reflect.NativeMethodAccessorImpl.invoke(NativeMethodAccessorImpl.java:77)
	at java.base/jdk.internal.reflect.DelegatingMethodAccessorImpl.invoke(DelegatingMethodAccessorImpl.java:43)
	at java.base/java.lang.reflect.Method.invoke(Method.java:568)
	at org.testng.internal.invokers.MethodInvocationHelper.invokeMethod(MethodInvocationHelper.java:139)
	at org.testng.internal.invokers.MethodInvocationHelper.invokeMethodConsideringTimeout(MethodInvocationHelper.java:69)
	at org.testng.internal.invokers.ConfigInvoker.invokeConfigurationMethod(ConfigInvoker.java:361)
	at org.testng.internal.invokers.ConfigInvoker.invokeConfigurations(ConfigInvoker.java:296)
	at org.testng.internal.invokers.TestMethodWorker.invokeAfterClassMethods(TestMethodWorker.java:222)
	at org.testng.internal.invokers.TestMethodWorker.run(TestMethodWorker.java:131)
	at java.base/java.util.concurrent.ThreadPoolExecutor.runWorker(ThreadPoolExecutor.java:1136)
	at java.base/java.util.concurrent.ThreadPoolExecutor$Worker.run(ThreadPoolExecutor.java:635)
	at java.base/java.lang.Thread.run(Thread.java:833)
</pre></div></td>
<td>0</td>
<td>com.orange_hrm.testcases.TC_013_K_PostNewJobVacancey@6025e1b6</td></tr>
</table><p>
<table width='100%' border='1' class='invocation-failed'>
<tr><td colspan='4' align='center'><b>FAILED TESTS</b></td></tr>
<tr><td><b>Test method</b></td>
<td><b>Attribute(s)</b></td>
<td width="30%"><b>Exception</b></td>
<td width="10%"><b>Time (seconds)</b></td>
<td><b>Instance</b></td>
</tr>
<tr>
<td title='com.orange_hrm.testcases.TC_10_G_AssignLeave.assignleave()'><b>assignleave</b><br>Test class: com.orange_hrm.testcases.TC_10_G_AssignLeave</td>
<td><div><pre>org.openqa.selenium.NoSuchElementException: no such element: Unable to locate element: {&quot;method&quot;:&quot;xpath&quot;,&quot;selector&quot;:&quot;//*[@id=&quot;cal1_cell4&quot;]/a&quot;}
  (Session info: chrome=106.0.5249.119)
For documentation on this error, please visit: https://selenium.dev/exceptions/#no_such_element
Build info: version: &apos;4.3.0&apos;, revision: &apos;a4995e2c09*&apos;
System info: host: &apos;VARMA-PC&apos;, ip: &apos;192.168.43.129&apos;, os.name: &apos;Windows 10&apos;, os.arch: &apos;amd64&apos;, os.version: &apos;10.0&apos;, java.version: &apos;17.0.4.1&apos;
Driver info: org.openqa.selenium.chrome.ChromeDriver
Command: [3831e7aaa3961da45a26203ee9026bb6, findElement {using=xpath, value=//*[@id=&quot;cal1_cell4&quot;]/a}]
Capabilities {acceptInsecureCerts: false, browserName: chrome, browserVersion: 106.0.5249.119, chrome: {chromedriverVersion: 106.0.5249.61 (511755355844..., userDataDir: C:\Users\ADMINI~1\AppData\L...}, goog:chromeOptions: {debuggerAddress: localhost:50652}, networkConnectionEnabled: false, pageLoadStrategy: normal, platformName: WINDOWS, proxy: Proxy(), se:cdp: ws://localhost:50652/devtoo..., se:cdpVersion: 106.0.5249.119, setWindowRect: true, strictFileInteractability: false, timeouts: {implicit: 0, pageLoad: 300000, script: 30000}, unhandledPromptBehavior: dismiss and notify, webauthn:extension:credBlob: true, webauthn:extension:largeBlob: true, webauthn:virtualAuthenticators: true}
Session ID: 3831e7aaa3961da45a26203ee9026bb6
	at org.openqa.selenium.remote.codec.w3c.W3CHttpResponseCodec.createException(W3CHttpResponseCodec.java:200)
	at org.openqa.selenium.remote.codec.w3c.W3CHttpResponseCodec.decode(W3CHttpResponseCodec.java:133)
	at org.openqa.selenium.remote.codec.w3c.W3CHttpResponseCodec.decode(W3CHttpResponseCodec.java:53)
	at org.openqa.selenium.remote.HttpCommandExecutor.execute(HttpCommandExecutor.java:184)
	at org.openqa.selenium.remote.service.DriverCommandExecutor.invokeExecute(DriverCommandExecutor.java:167)
	at org.openqa.selenium.remote.service.DriverCommandExecutor.execute(DriverCommandExecutor.java:142)
	at org.openqa.selenium.remote.RemoteWebDriver.execute(RemoteWebDriver.java:569)
	at org.openqa.selenium.remote.ElementLocation$ElementFinder$2.findElement(ElementLocation.java:162)
	at org.openqa.selenium.remote.ElementLocation.findElement(ElementLocation.java:60)
	at org.openqa.selenium.remote.RemoteWebDriver.findElement(RemoteWebDriver.java:387)
	at org.openqa.selenium.remote.RemoteWebDriver.findElement(RemoteWebDriver.java:379)
	at org.openqa.selenium.support.pagefactory.DefaultElementLocator.findElement(DefaultElementLocator.java:70)
	at org.openqa.selenium.support.pagefactory.internal.LocatingElementHandler.invoke(LocatingElementHandler.java:39)
	at jdk.proxy2/jdk.proxy2.$Proxy18.click(Unknown Source)
	at com.orange.pageObjects.AssignLeavePage.selectToDate(AssignLeavePage.java:99)
	at com.orange_hrm.testcases.TC_10_G_AssignLeave.assignleave(TC_10_G_AssignLeave.java:32)
	at java.base/java.util.concurrent.ThreadPoolExecutor.runWorker(ThreadPoolExecutor.java:1136)
	at java.base/java.util.concurrent.ThreadPoolExecutor$Worker.run(ThreadPoolExecutor.java:635)
	at java.base/java.lang.Thread.run(Thread.java:833)
... Removed 17 stack frames</pre></div><a href='#' onClick='toggleBox("stack-trace484418191", this, "Click to show all stack frames", "Click to hide stack frames")'>Click to show all stack frames</a>
<div class='stack-trace' id='stack-trace484418191'><pre>org.openqa.selenium.NoSuchElementException: no such element: Unable to locate element: {&quot;method&quot;:&quot;xpath&quot;,&quot;selector&quot;:&quot;//*[@id=&quot;cal1_cell4&quot;]/a&quot;}
  (Session info: chrome=106.0.5249.119)
For documentation on this error, please visit: https://selenium.dev/exceptions/#no_such_element
Build info: version: &apos;4.3.0&apos;, revision: &apos;a4995e2c09*&apos;
System info: host: &apos;VARMA-PC&apos;, ip: &apos;192.168.43.129&apos;, os.name: &apos;Windows 10&apos;, os.arch: &apos;amd64&apos;, os.version: &apos;10.0&apos;, java.version: &apos;17.0.4.1&apos;
Driver info: org.openqa.selenium.chrome.ChromeDriver
Command: [3831e7aaa3961da45a26203ee9026bb6, findElement {using=xpath, value=//*[@id=&quot;cal1_cell4&quot;]/a}]
Capabilities {acceptInsecureCerts: false, browserName: chrome, browserVersion: 106.0.5249.119, chrome: {chromedriverVersion: 106.0.5249.61 (511755355844..., userDataDir: C:\Users\ADMINI~1\AppData\L...}, goog:chromeOptions: {debuggerAddress: localhost:50652}, networkConnectionEnabled: false, pageLoadStrategy: normal, platformName: WINDOWS, proxy: Proxy(), se:cdp: ws://localhost:50652/devtoo..., se:cdpVersion: 106.0.5249.119, setWindowRect: true, strictFileInteractability: false, timeouts: {implicit: 0, pageLoad: 300000, script: 30000}, unhandledPromptBehavior: dismiss and notify, webauthn:extension:credBlob: true, webauthn:extension:largeBlob: true, webauthn:virtualAuthenticators: true}
Session ID: 3831e7aaa3961da45a26203ee9026bb6
	at java.base/jdk.internal.reflect.NativeConstructorAccessorImpl.newInstance0(Native Method)
	at java.base/jdk.internal.reflect.NativeConstructorAccessorImpl.newInstance(NativeConstructorAccessorImpl.java:77)
	at java.base/jdk.internal.reflect.DelegatingConstructorAccessorImpl.newInstance(DelegatingConstructorAccessorImpl.java:45)
	at java.base/java.lang.reflect.Constructor.newInstanceWithCaller(Constructor.java:499)
	at java.base/java.lang.reflect.Constructor.newInstance(Constructor.java:480)
	at org.openqa.selenium.remote.codec.w3c.W3CHttpResponseCodec.createException(W3CHttpResponseCodec.java:200)
	at org.openqa.selenium.remote.codec.w3c.W3CHttpResponseCodec.decode(W3CHttpResponseCodec.java:133)
	at org.openqa.selenium.remote.codec.w3c.W3CHttpResponseCodec.decode(W3CHttpResponseCodec.java:53)
	at org.openqa.selenium.remote.HttpCommandExecutor.execute(HttpCommandExecutor.java:184)
	at org.openqa.selenium.remote.service.DriverCommandExecutor.invokeExecute(DriverCommandExecutor.java:167)
	at org.openqa.selenium.remote.service.DriverCommandExecutor.execute(DriverCommandExecutor.java:142)
	at org.openqa.selenium.remote.RemoteWebDriver.execute(RemoteWebDriver.java:569)
	at org.openqa.selenium.remote.ElementLocation$ElementFinder$2.findElement(ElementLocation.java:162)
	at org.openqa.selenium.remote.ElementLocation.findElement(ElementLocation.java:60)
	at org.openqa.selenium.remote.RemoteWebDriver.findElement(RemoteWebDriver.java:387)
	at org.openqa.selenium.remote.RemoteWebDriver.findElement(RemoteWebDriver.java:379)
	at org.openqa.selenium.support.pagefactory.DefaultElementLocator.findElement(DefaultElementLocator.java:70)
	at org.openqa.selenium.support.pagefactory.internal.LocatingElementHandler.invoke(LocatingElementHandler.java:39)
	at jdk.proxy2/jdk.proxy2.$Proxy18.click(Unknown Source)
	at com.orange.pageObjects.AssignLeavePage.selectToDate(AssignLeavePage.java:99)
	at com.orange_hrm.testcases.TC_10_G_AssignLeave.assignleave(TC_10_G_AssignLeave.java:32)
	at java.base/jdk.internal.reflect.NativeMethodAccessorImpl.invoke0(Native Method)
	at java.base/jdk.internal.reflect.NativeMethodAccessorImpl.invoke(NativeMethodAccessorImpl.java:77)
	at java.base/jdk.internal.reflect.DelegatingMethodAccessorImpl.invoke(DelegatingMethodAccessorImpl.java:43)
	at java.base/java.lang.reflect.Method.invoke(Method.java:568)
	at org.testng.internal.invokers.MethodInvocationHelper.invokeMethod(MethodInvocationHelper.java:139)
	at org.testng.internal.invokers.TestInvoker.invokeMethod(TestInvoker.java:677)
	at org.testng.internal.invokers.TestInvoker.invokeTestMethod(TestInvoker.java:221)
	at org.testng.internal.invokers.MethodRunner.runInSequence(MethodRunner.java:50)
	at org.testng.internal.invokers.TestInvoker$MethodInvocationAgent.invoke(TestInvoker.java:962)
	at org.testng.internal.invokers.TestInvoker.invokeTestMethods(TestInvoker.java:194)
	at org.testng.internal.invokers.TestMethodWorker.invokeTestMethods(TestMethodWorker.java:148)
	at org.testng.internal.invokers.TestMethodWorker.run(TestMethodWorker.java:128)
	at java.base/java.util.concurrent.ThreadPoolExecutor.runWorker(ThreadPoolExecutor.java:1136)
	at java.base/java.util.concurrent.ThreadPoolExecutor$Worker.run(ThreadPoolExecutor.java:635)
	at java.base/java.lang.Thread.run(Thread.java:833)
</pre></div></td>
<td>40</td>
<td>com.orange_hrm.testcases.TC_10_G_AssignLeave@43bc63a3</td></tr>
<tr>
<td title='com.orange_hrm.testcases.TC_008_F_Upload_photo.uploadimage()'><b>uploadimage</b><br>Test class: com.orange_hrm.testcases.TC_008_F_Upload_photo</td>
<td><div><pre>org.openqa.selenium.InvalidArgumentException: invalid argument: File not found : E:\Accord Solutions\Anilimage.jpg
  (Session info: chrome=106.0.5249.119)
Build info: version: &apos;4.3.0&apos;, revision: &apos;a4995e2c09*&apos;
System info: host: &apos;VARMA-PC&apos;, ip: &apos;192.168.43.129&apos;, os.name: &apos;Windows 10&apos;, os.arch: &apos;amd64&apos;, os.version: &apos;10.0&apos;, java.version: &apos;17.0.4.1&apos;
Driver info: org.openqa.selenium.chrome.ChromeDriver
Command: [1f6fb567bb3bf33c5f2d2c7ccfb3da7b, sendKeysToElement {id=121e41f2-2cc1-4bb0-b92d-9a6e6c69c15b, value=[Ljava.lang.CharSequence;@6a73910d}]
Capabilities {acceptInsecureCerts: false, browserName: chrome, browserVersion: 106.0.5249.119, chrome: {chromedriverVersion: 106.0.5249.61 (511755355844..., userDataDir: C:\Users\ADMINI~1\AppData\L...}, goog:chromeOptions: {debuggerAddress: localhost:51252}, networkConnectionEnabled: false, pageLoadStrategy: normal, platformName: WINDOWS, proxy: Proxy(), se:cdp: ws://localhost:51252/devtoo..., se:cdpVersion: 106.0.5249.119, setWindowRect: true, strictFileInteractability: false, timeouts: {implicit: 0, pageLoad: 300000, script: 30000}, unhandledPromptBehavior: dismiss and notify, webauthn:extension:credBlob: true, webauthn:extension:largeBlob: true, webauthn:virtualAuthenticators: true}
Element: [[ChromeDriver: chrome on WINDOWS (1f6fb567bb3bf33c5f2d2c7ccfb3da7b)] -&gt; xpath: //input[@id=&apos;photofile&apos;]]
Session ID: 1f6fb567bb3bf33c5f2d2c7ccfb3da7b
	at org.openqa.selenium.remote.codec.w3c.W3CHttpResponseCodec.createException(W3CHttpResponseCodec.java:200)
	at org.openqa.selenium.remote.codec.w3c.W3CHttpResponseCodec.decode(W3CHttpResponseCodec.java:133)
	at org.openqa.selenium.remote.codec.w3c.W3CHttpResponseCodec.decode(W3CHttpResponseCodec.java:53)
	at org.openqa.selenium.remote.HttpCommandExecutor.execute(HttpCommandExecutor.java:184)
	at org.openqa.selenium.remote.service.DriverCommandExecutor.invokeExecute(DriverCommandExecutor.java:167)
	at org.openqa.selenium.remote.service.DriverCommandExecutor.execute(DriverCommandExecutor.java:142)
	at org.openqa.selenium.remote.RemoteWebDriver.execute(RemoteWebDriver.java:569)
	at org.openqa.selenium.remote.RemoteWebElement.execute(RemoteWebElement.java:257)
	at org.openqa.selenium.remote.RemoteWebElement.sendKeys(RemoteWebElement.java:113)
	at org.openqa.selenium.support.pagefactory.internal.LocatingElementHandler.invoke(LocatingElementHandler.java:52)
	at jdk.proxy2/jdk.proxy2.$Proxy18.sendKeys(Unknown Source)
	at com.orange.pageObjects.AddImagetoEmployee.setImagePath(AddImagetoEmployee.java:33)
	at com.orange_hrm.testcases.TC_008_F_Upload_photo.uploadimage(TC_008_F_Upload_photo.java:36)
	at java.base/java.util.concurrent.ThreadPoolExecutor.runWorker(ThreadPoolExecutor.java:1136)
	at java.base/java.util.concurrent.ThreadPoolExecutor$Worker.run(ThreadPoolExecutor.java:635)
	at java.base/java.lang.Thread.run(Thread.java:833)
... Removed 20 stack frames</pre></div><a href='#' onClick='toggleBox("stack-trace2087040764", this, "Click to show all stack frames", "Click to hide stack frames")'>Click to show all stack frames</a>
<div class='stack-trace' id='stack-trace2087040764'><pre>org.openqa.selenium.InvalidArgumentException: invalid argument: File not found : E:\Accord Solutions\Anilimage.jpg
  (Session info: chrome=106.0.5249.119)
Build info: version: &apos;4.3.0&apos;, revision: &apos;a4995e2c09*&apos;
System info: host: &apos;VARMA-PC&apos;, ip: &apos;192.168.43.129&apos;, os.name: &apos;Windows 10&apos;, os.arch: &apos;amd64&apos;, os.version: &apos;10.0&apos;, java.version: &apos;17.0.4.1&apos;
Driver info: org.openqa.selenium.chrome.ChromeDriver
Command: [1f6fb567bb3bf33c5f2d2c7ccfb3da7b, sendKeysToElement {id=121e41f2-2cc1-4bb0-b92d-9a6e6c69c15b, value=[Ljava.lang.CharSequence;@6a73910d}]
Capabilities {acceptInsecureCerts: false, browserName: chrome, browserVersion: 106.0.5249.119, chrome: {chromedriverVersion: 106.0.5249.61 (511755355844..., userDataDir: C:\Users\ADMINI~1\AppData\L...}, goog:chromeOptions: {debuggerAddress: localhost:51252}, networkConnectionEnabled: false, pageLoadStrategy: normal, platformName: WINDOWS, proxy: Proxy(), se:cdp: ws://localhost:51252/devtoo..., se:cdpVersion: 106.0.5249.119, setWindowRect: true, strictFileInteractability: false, timeouts: {implicit: 0, pageLoad: 300000, script: 30000}, unhandledPromptBehavior: dismiss and notify, webauthn:extension:credBlob: true, webauthn:extension:largeBlob: true, webauthn:virtualAuthenticators: true}
Element: [[ChromeDriver: chrome on WINDOWS (1f6fb567bb3bf33c5f2d2c7ccfb3da7b)] -&gt; xpath: //input[@id=&apos;photofile&apos;]]
Session ID: 1f6fb567bb3bf33c5f2d2c7ccfb3da7b
	at java.base/jdk.internal.reflect.NativeConstructorAccessorImpl.newInstance0(Native Method)
	at java.base/jdk.internal.reflect.NativeConstructorAccessorImpl.newInstance(NativeConstructorAccessorImpl.java:77)
	at java.base/jdk.internal.reflect.DelegatingConstructorAccessorImpl.newInstance(DelegatingConstructorAccessorImpl.java:45)
	at java.base/java.lang.reflect.Constructor.newInstanceWithCaller(Constructor.java:499)
	at java.base/java.lang.reflect.Constructor.newInstance(Constructor.java:480)
	at org.openqa.selenium.remote.codec.w3c.W3CHttpResponseCodec.createException(W3CHttpResponseCodec.java:200)
	at org.openqa.selenium.remote.codec.w3c.W3CHttpResponseCodec.decode(W3CHttpResponseCodec.java:133)
	at org.openqa.selenium.remote.codec.w3c.W3CHttpResponseCodec.decode(W3CHttpResponseCodec.java:53)
	at org.openqa.selenium.remote.HttpCommandExecutor.execute(HttpCommandExecutor.java:184)
	at org.openqa.selenium.remote.service.DriverCommandExecutor.invokeExecute(DriverCommandExecutor.java:167)
	at org.openqa.selenium.remote.service.DriverCommandExecutor.execute(DriverCommandExecutor.java:142)
	at org.openqa.selenium.remote.RemoteWebDriver.execute(RemoteWebDriver.java:569)
	at org.openqa.selenium.remote.RemoteWebElement.execute(RemoteWebElement.java:257)
	at org.openqa.selenium.remote.RemoteWebElement.sendKeys(RemoteWebElement.java:113)
	at jdk.internal.reflect.GeneratedMethodAccessor3.invoke(Unknown Source)
	at java.base/jdk.internal.reflect.DelegatingMethodAccessorImpl.invoke(DelegatingMethodAccessorImpl.java:43)
	at java.base/java.lang.reflect.Method.invoke(Method.java:568)
	at org.openqa.selenium.support.pagefactory.internal.LocatingElementHandler.invoke(LocatingElementHandler.java:52)
	at jdk.proxy2/jdk.proxy2.$Proxy18.sendKeys(Unknown Source)
	at com.orange.pageObjects.AddImagetoEmployee.setImagePath(AddImagetoEmployee.java:33)
	at com.orange_hrm.testcases.TC_008_F_Upload_photo.uploadimage(TC_008_F_Upload_photo.java:36)
	at java.base/jdk.internal.reflect.NativeMethodAccessorImpl.invoke0(Native Method)
	at java.base/jdk.internal.reflect.NativeMethodAccessorImpl.invoke(NativeMethodAccessorImpl.java:77)
	at java.base/jdk.internal.reflect.DelegatingMethodAccessorImpl.invoke(DelegatingMethodAccessorImpl.java:43)
	at java.base/java.lang.reflect.Method.invoke(Method.java:568)
	at org.testng.internal.invokers.MethodInvocationHelper.invokeMethod(MethodInvocationHelper.java:139)
	at org.testng.internal.invokers.TestInvoker.invokeMethod(TestInvoker.java:677)
	at org.testng.internal.invokers.TestInvoker.invokeTestMethod(TestInvoker.java:221)
	at org.testng.internal.invokers.MethodRunner.runInSequence(MethodRunner.java:50)
	at org.testng.internal.invokers.TestInvoker$MethodInvocationAgent.invoke(TestInvoker.java:962)
	at org.testng.internal.invokers.TestInvoker.invokeTestMethods(TestInvoker.java:194)
	at org.testng.internal.invokers.TestMethodWorker.invokeTestMethods(TestMethodWorker.java:148)
	at org.testng.internal.invokers.TestMethodWorker.run(TestMethodWorker.java:128)
	at java.base/java.util.concurrent.ThreadPoolExecutor.runWorker(ThreadPoolExecutor.java:1136)
	at java.base/java.util.concurrent.ThreadPoolExecutor$Worker.run(ThreadPoolExecutor.java:635)
	at java.base/java.lang.Thread.run(Thread.java:833)
</pre></div></td>
<td>22</td>
<td>com.orange_hrm.testcases.TC_008_F_Upload_photo@38425407</td></tr>
</table><p>
<table width='100%' border='1' class='invocation-passed'>
<tr><td colspan='4' align='center'><b>PASSED TESTS</b></td></tr>
<tr><td><b>Test method</b></td>
<td><b>Attribute(s)</b></td>
<td width="30%"><b>Exception</b></td>
<td width="10%"><b>Time (seconds)</b></td>
<td><b>Instance</b></td>
</tr>
<tr>
<td title='com.orange_hrm.testcases.TC_011_H_DDT_AddEmployees.add_multipleEMployee()'><b>add_multipleEMployee</b><br>Test class: com.orange_hrm.testcases.TC_011_H_DDT_AddEmployees<br>Parameters: rama, raju<br/>
<a href="#Output-1955225418" onClick='toggleBox("Output-1955225418", this, "Show output", "Hide output");'>Show output</a>

<a href="#Output-1955225418" onClick="toggleAllBoxes();">Show all outputs</a>
<div class='log' id="Output-1955225418">
SUcessfully Added<br/>
</div>
</td>
<td></td>
<td>9</td>
<td>com.orange_hrm.testcases.TC_011_H_DDT_AddEmployees@702657cc</td></tr>
<tr>
<td title='com.orange_hrm.testcases.TC_009_E_EditJob_Details.editEmployeeJob()'><b>editEmployeeJob</b><br>Test class: com.orange_hrm.testcases.TC_009_E_EditJob_Details</td>
<td></td>
<td>28</td>
<td>com.orange_hrm.testcases.TC_009_E_EditJob_Details@54d9d12d</td></tr>
<tr>
<td title='com.orange_hrm.testcases.TC_011_H_DDT_AddEmployees.add_multipleEMployee()'><b>add_multipleEMployee</b><br>Test class: com.orange_hrm.testcases.TC_011_H_DDT_AddEmployees<br>Parameters: Krishna, murthy<br/>
<a href="#Output-134352614" onClick='toggleBox("Output-134352614", this, "Show output", "Hide output");'>Show output</a>

<a href="#Output-134352614" onClick="toggleAllBoxes();">Show all outputs</a>
<div class='log' id="Output-134352614">
SUcessfully Added<br/>
</div>
</td>
<td></td>
<td>10</td>
<td>com.orange_hrm.testcases.TC_011_H_DDT_AddEmployees@702657cc</td></tr>
<tr>
<td title='com.orange_hrm.testcases.TC_003_C_SearchEmployee.searchEmployee()'><b>searchEmployee</b><br>Test class: com.orange_hrm.testcases.TC_003_C_SearchEmployee</td>
<td></td>
<td>26</td>
<td>com.orange_hrm.testcases.TC_003_C_SearchEmployee@34e9fd99</td></tr>
<tr>
<td title='com.orange_hrm.testcases.TC_013_K_PostNewJobVacancey.postNewJobVacanicey()'><b>postNewJobVacanicey</b><br>Test class: com.orange_hrm.testcases.TC_013_K_PostNewJobVacancey</td>
<td></td>
<td>14</td>
<td>com.orange_hrm.testcases.TC_013_K_PostNewJobVacancey@6025e1b6</td></tr>
<tr>
<td title='com.orange_hrm.testcases.TC_006_D_EditEmployee.editEmployee()'><b>editEmployee</b><br>Test class: com.orange_hrm.testcases.TC_006_D_EditEmployee</td>
<td></td>
<td>46</td>
<td>com.orange_hrm.testcases.TC_006_D_EditEmployee@3c41ed1d</td></tr>
<tr>
<td title='com.orange_hrm.testcases.TC_001_A_Login.loginTest()'><b>loginTest</b><br>Test class: com.orange_hrm.testcases.TC_001_A_Login<br/>
<a href="#Output-1926310168" onClick='toggleBox("Output-1926310168", this, "Show output", "Hide output");'>Show output</a>

<a href="#Output-1926310168" onClick="toggleAllBoxes();">Show all outputs</a>
<div class='log' id="Output-1926310168">
OrangeHRM<br/>
</div>
</td>
<td></td>
<td>13</td>
<td>com.orange_hrm.testcases.TC_001_A_Login@7c7a06ec</td></tr>
<tr>
<td title='com.orange_hrm.testcases.TC_012_J_Add_JobTitle.createJobTitle()'><b>createJobTitle</b><br>Test class: com.orange_hrm.testcases.TC_012_J_Add_JobTitle</td>
<td></td>
<td>19</td>
<td>com.orange_hrm.testcases.TC_012_J_Add_JobTitle@40a4337a</td></tr>
<tr>
<td title='com.orange_hrm.testcases.TC_004_B_AddEmployee.createNewEmployee()'><b>createNewEmployee</b><br>Test class: com.orange_hrm.testcases.TC_004_B_AddEmployee<br/>
<a href="#Output-1561388927" onClick='toggleBox("Output-1561388927", this, "Show output", "Hide output");'>Show output</a>

<a href="#Output-1561388927" onClick="toggleAllBoxes();">Show all outputs</a>
<div class='log' id="Output-1561388927">
OrangeHRM<br/>
SUcessfully Added<br/>
</div>
</td>
<td></td>
<td>15</td>
<td>com.orange_hrm.testcases.TC_004_B_AddEmployee@45752059</td></tr>
<tr>
<td title='com.orange_hrm.testcases.TC_011_H_DDT_AddEmployees.add_multipleEMployee()'><b>add_multipleEMployee</b><br>Test class: com.orange_hrm.testcases.TC_011_H_DDT_AddEmployees<br>Parameters: Manoj, Tiwari<br/>
<a href="#Output-520545257" onClick='toggleBox("Output-520545257", this, "Show output", "Hide output");'>Show output</a>

<a href="#Output-520545257" onClick="toggleAllBoxes();">Show all outputs</a>
<div class='log' id="Output-520545257">
SUcessfully Added<br/>
</div>
</td>
<td></td>
<td>17</td>
<td>com.orange_hrm.testcases.TC_011_H_DDT_AddEmployees@702657cc</td></tr>
<tr>
<td title='com.orange_hrm.testcases.TC_011_H_DDT_AddEmployees.add_multipleEMployee()'><b>add_multipleEMployee</b><br>Test class: com.orange_hrm.testcases.TC_011_H_DDT_AddEmployees<br>Parameters: Prabhas, raju<br/>
<a href="#Output-1706868877" onClick='toggleBox("Output-1706868877", this, "Show output", "Hide output");'>Show output</a>

<a href="#Output-1706868877" onClick="toggleAllBoxes();">Show all outputs</a>
<div class='log' id="Output-1706868877">
SUcessfully Added<br/>
</div>
</td>
<td></td>
<td>8</td>
<td>com.orange_hrm.testcases.TC_011_H_DDT_AddEmployees@702657cc</td></tr>
<tr>
<td title='com.orange_hrm.testcases.TC_011_H_DDT_AddEmployees.login()'><b>login</b><br>Test class: com.orange_hrm.testcases.TC_011_H_DDT_AddEmployees</td>
<td></td>
<td>3</td>
<td>com.orange_hrm.testcases.TC_011_H_DDT_AddEmployees@702657cc</td></tr>
<tr>
<td title='com.orange_hrm.testcases.TC_011_H_DDT_AddEmployees.add_multipleEMployee()'><b>add_multipleEMployee</b><br>Test class: com.orange_hrm.testcases.TC_011_H_DDT_AddEmployees<br>Parameters: ravi, raja<br/>
<a href="#Output-1399226384" onClick='toggleBox("Output-1399226384", this, "Show output", "Hide output");'>Show output</a>

<a href="#Output-1399226384" onClick="toggleAllBoxes();">Show all outputs</a>
<div class='log' id="Output-1399226384">
SUcessfully Added<br/>
</div>
</td>
<td></td>
<td>11</td>
<td>com.orange_hrm.testcases.TC_011_H_DDT_AddEmployees@702657cc</td></tr>
<tr>
<td title='com.orange_hrm.testcases.TC_005_I_DeleteEmployee.deleteEmployee()'><b>deleteEmployee</b><br>Test class: com.orange_hrm.testcases.TC_005_I_DeleteEmployee</td>
<td></td>
<td>17</td>
<td>com.orange_hrm.testcases.TC_005_I_DeleteEmployee@6a6cb05c</td></tr>
<tr>
<td title='com.orange_hrm.testcases.TC_011_H_DDT_AddEmployees.add_multipleEMployee()'><b>add_multipleEMployee</b><br>Test class: com.orange_hrm.testcases.TC_011_H_DDT_AddEmployees<br>Parameters: manish, pandey<br/>
<a href="#Output-1201270180" onClick='toggleBox("Output-1201270180", this, "Show output", "Hide output");'>Show output</a>

<a href="#Output-1201270180" onClick="toggleAllBoxes();">Show all outputs</a>
<div class='log' id="Output-1201270180">
SUcessfully Added<br/>
</div>
</td>
<td></td>
<td>9</td>
<td>com.orange_hrm.testcases.TC_011_H_DDT_AddEmployees@702657cc</td></tr>
</table><p>
</body>
</html>